/home/mdunn15/Downloads/lcm-ros2_bridge/install/lcm_ros2_bridge/lib/python3.10/site-packages/lcm_ros2_bridge/__init__.py
/home/mdunn15/Downloads/lcm-ros2_bridge/install/lcm_ros2_bridge/lib/python3.10/site-packages/lcm_ros2_bridge/subscriber_member_function.py
/home/mdunn15/Downloads/lcm-ros2_bridge/install/lcm_ros2_bridge/lib/python3.10/site-packages/lcm_ros2_bridge/bridge.py
/home/mdunn15/Downloads/lcm-ros2_bridge/install/lcm_ros2_bridge/lib/python3.10/site-packages/lcm_ros2_bridge/exlcm/__init__.py
/home/mdunn15/Downloads/lcm-ros2_bridge/install/lcm_ros2_bridge/lib/python3.10/site-packages/lcm_ros2_bridge/exlcm/example_t.py
/home/mdunn15/Downloads/lcm-ros2_bridge/install/lcm_ros2_bridge/lib/python3.10/site-packages/lcm_ros2_bridge/lcm_messages/blueprint_oculus_sonar_image.py
/home/mdunn15/Downloads/lcm-ros2_bridge/install/lcm_ros2_bridge/lib/python3.10/site-packages/lcm_ros2_bridge/lcm_messages/__init__.py
/home/mdunn15/Downloads/lcm-ros2_bridge/install/lcm_ros2_bridge/lib/python3.10/site-packages/lcm_ros2_bridge/lcm_messages/microstrain_est.py
/home/mdunn15/Downloads/lcm-ros2_bridge/install/lcm_ros2_bridge/lib/python3.10/site-packages/lcm_ros2_bridge/lcm_messages/microstrain_gnss.py
/home/mdunn15/Downloads/lcm-ros2_bridge/install/lcm_ros2_bridge/lib/python3.10/site-packages/lcm_ros2_bridge/lcm_messages/blueprint_oculus_sonar_fire.py
/home/mdunn15/Downloads/lcm-ros2_bridge/install/lcm_ros2_bridge/lib/python3.10/site-packages/lcm_ros2_bridge/lcm_messages/microstrain_imu.py
/home/mdunn15/Downloads/lcm-ros2_bridge/install/lcm_ros2_bridge/lib/python3.10/site-packages/lcm_ros2_bridge/lcm_messages/blueprint_oculus_sonar_ping.py
/home/mdunn15/Downloads/lcm-ros2_bridge/install/lcm_ros2_bridge/lib/python3.10/site-packages/lcm_ros2_bridge/__pycache__/__init__.cpython-310.pyc
/home/mdunn15/Downloads/lcm-ros2_bridge/install/lcm_ros2_bridge/lib/python3.10/site-packages/lcm_ros2_bridge/__pycache__/subscriber_member_function.cpython-310.pyc
/home/mdunn15/Downloads/lcm-ros2_bridge/install/lcm_ros2_bridge/lib/python3.10/site-packages/lcm_ros2_bridge/__pycache__/bridge.cpython-310.pyc
/home/mdunn15/Downloads/lcm-ros2_bridge/install/lcm_ros2_bridge/lib/python3.10/site-packages/lcm_ros2_bridge/exlcm/__pycache__/__init__.cpython-310.pyc
/home/mdunn15/Downloads/lcm-ros2_bridge/install/lcm_ros2_bridge/lib/python3.10/site-packages/lcm_ros2_bridge/exlcm/__pycache__/example_t.cpython-310.pyc
/home/mdunn15/Downloads/lcm-ros2_bridge/install/lcm_ros2_bridge/lib/python3.10/site-packages/lcm_ros2_bridge/lcm_messages/__pycache__/blueprint_oculus_sonar_image.cpython-310.pyc
/home/mdunn15/Downloads/lcm-ros2_bridge/install/lcm_ros2_bridge/lib/python3.10/site-packages/lcm_ros2_bridge/lcm_messages/__pycache__/__init__.cpython-310.pyc
/home/mdunn15/Downloads/lcm-ros2_bridge/install/lcm_ros2_bridge/lib/python3.10/site-packages/lcm_ros2_bridge/lcm_messages/__pycache__/microstrain_est.cpython-310.pyc
/home/mdunn15/Downloads/lcm-ros2_bridge/install/lcm_ros2_bridge/lib/python3.10/site-packages/lcm_ros2_bridge/lcm_messages/__pycache__/microstrain_gnss.cpython-310.pyc
/home/mdunn15/Downloads/lcm-ros2_bridge/install/lcm_ros2_bridge/lib/python3.10/site-packages/lcm_ros2_bridge/lcm_messages/__pycache__/blueprint_oculus_sonar_fire.cpython-310.pyc
/home/mdunn15/Downloads/lcm-ros2_bridge/install/lcm_ros2_bridge/lib/python3.10/site-packages/lcm_ros2_bridge/lcm_messages/__pycache__/microstrain_imu.cpython-310.pyc
/home/mdunn15/Downloads/lcm-ros2_bridge/install/lcm_ros2_bridge/lib/python3.10/site-packages/lcm_ros2_bridge/lcm_messages/__pycache__/blueprint_oculus_sonar_ping.cpython-310.pyc
/home/mdunn15/Downloads/lcm-ros2_bridge/install/lcm_ros2_bridge/share/ament_index/resource_index/packages/lcm_ros2_bridge
/home/mdunn15/Downloads/lcm-ros2_bridge/install/lcm_ros2_bridge/share/lcm_ros2_bridge/package.xml
/home/mdunn15/Downloads/lcm-ros2_bridge/install/lcm_ros2_bridge/lib/python3.10/site-packages/lcm_ros2_bridge-0.0.0-py3.10.egg-info/top_level.txt
/home/mdunn15/Downloads/lcm-ros2_bridge/install/lcm_ros2_bridge/lib/python3.10/site-packages/lcm_ros2_bridge-0.0.0-py3.10.egg-info/PKG-INFO
/home/mdunn15/Downloads/lcm-ros2_bridge/install/lcm_ros2_bridge/lib/python3.10/site-packages/lcm_ros2_bridge-0.0.0-py3.10.egg-info/dependency_links.txt
/home/mdunn15/Downloads/lcm-ros2_bridge/install/lcm_ros2_bridge/lib/python3.10/site-packages/lcm_ros2_bridge-0.0.0-py3.10.egg-info/requires.txt
/home/mdunn15/Downloads/lcm-ros2_bridge/install/lcm_ros2_bridge/lib/python3.10/site-packages/lcm_ros2_bridge-0.0.0-py3.10.egg-info/SOURCES.txt
/home/mdunn15/Downloads/lcm-ros2_bridge/install/lcm_ros2_bridge/lib/python3.10/site-packages/lcm_ros2_bridge-0.0.0-py3.10.egg-info/zip-safe
/home/mdunn15/Downloads/lcm-ros2_bridge/install/lcm_ros2_bridge/lib/python3.10/site-packages/lcm_ros2_bridge-0.0.0-py3.10.egg-info/entry_points.txt
/home/mdunn15/Downloads/lcm-ros2_bridge/install/lcm_ros2_bridge/lib/lcm_ros2_bridge/bridge
/home/mdunn15/Downloads/lcm-ros2_bridge/install/lcm_ros2_bridge/lib/lcm_ros2_bridge/listener
